C51 COMPILER V9.56.0.0   GPIO________                                                      10/22/2020 15:51:29 PAGE 1   


C51 COMPILER V9.56.0.0, COMPILATION OF MODULE GPIO________
OBJECT MODULE PLACED IN .\Objects\GPIO.obj
COMPILER INVOKED BY: F:\Keil\C51\BIN\C51.EXE GPIO.C OPTIMIZE(8,SPEED) BROWSE DEBUG OBJECTEXTEND PRINT(.\Listings
                    -\GPIO.lst) TABS(2) OBJECT(.\Objects\GPIO.obj)

line level    source

   1          /*
   2           * 2020年10月22日 15点20分 ☆4
   3           * 
   4           * 高阻输入
   5           * 
   6           * 默认点亮推挽 LED，如果输入低电平就翻转一次 LED 输出 
   7           * 
   8           */
   9          
  10          /* 
  11           * 实验结果
  12           * 
  13           * P0^0 P0^1 P0^2 接入 GND 之后 对应的 LED 熄灭
  14           * 
  15          */
  16          
  17          
  18          #include"CH559.H"
  19          
  20          sbit IN_1  = P0^0;
  21          sbit IN_2  = P0^1;
  22          sbit IN_3  = P0^2;
  23          
  24          sbit LED_1 = P1^4;
  25          sbit LED_2 = P1^5;
  26          sbit LED_3 = P1^6;
  27          
  28          void P1_Configure(void){
  29   1      
  30   1          // PORT_CFG[3:0] -- 1101
  31   1          // P1 为 推挽模式，为 PROT_CFG[1]
  32   1          // xxxx_xxxx & 1111_1101 = xxxx_xx0x
  33   1          PORT_CFG    = PORT_CFG & 0xFD;
  34   1      
  35   1          // 禁用上拉电阻,PU[7:0] 分别对应 P1^7 - P1^0
  36   1          // 每个引脚的上拉可以单独控制
  37   1          // 譬如 P1_PU = 0xFE，表示 P1^0 禁用上拉，其他引脚开启
  38   1          P1_PU       = 0x00;
  39   1          // DIR 选输出模式，同样的每个引脚都可以单独控制
  40   1          P1_DIR      = 0xFF;
  41   1      }
  42          
  43          void P0_Configure(void){
  44   1      
  45   1          // xxxx_xxxx | 0000_0001 = xxxx_xxx1
  46   1          PORT_CFG = PORT_CFG | 0x01;
  47   1          // P0 上拉
  48   1          P0_PU    = 0xFF;
  49   1          // 输出模式
  50   1          P0_DIR   = 0x00;
  51   1      }
  52          
  53          void main(void){
  54   1        
C51 COMPILER V9.56.0.0   GPIO________                                                      10/22/2020 15:51:29 PAGE 2   

  55   1        P1_Configure();
  56   1          P0_Configure();
  57   1        
  58   1          LED_1 = 1;
  59   1          LED_2 = 1;
  60   1          LED_3 = 1;
  61   1      
  62   1          while(1){
  63   2              if(!IN_1)
  64   2                  LED_1 = 0;
  65   2              else
  66   2                  LED_1 = 1;
  67   2              if(!IN_2)
  68   2                  LED_2 = 0;
  69   2              else
  70   2                  LED_2 = 1;
  71   2              if(!IN_3)
  72   2                  LED_3 = 0;
  73   2              else
  74   2                  LED_3 = 1;
  75   2          }
  76   1      }


MODULE INFORMATION:   STATIC OVERLAYABLE
   CODE SIZE        =     61    ----
   CONSTANT SIZE    =   ----    ----
   XDATA SIZE       =   ----    ----
   PDATA SIZE       =   ----    ----
   DATA SIZE        =   ----    ----
   IDATA SIZE       =   ----    ----
   BIT SIZE         =   ----    ----
END OF MODULE INFORMATION.


C51 COMPILATION COMPLETE.  0 WARNING(S),  0 ERROR(S)
