C51 COMPILER V9.56.0.0   TIMER1                                                            10/23/2020 14:11:31 PAGE 1   


C51 COMPILER V9.56.0.0, COMPILATION OF MODULE TIMER1
OBJECT MODULE PLACED IN .\Objects\Timer1.obj
COMPILER INVOKED BY: F:\Keil\C51\BIN\C51.EXE Timer1.C OPTIMIZE(8,SPEED) BROWSE DEBUG OBJECTEXTEND PRINT(.\Listings\Timer
                    -1.lst) TABS(2) OBJECT(.\Objects\Timer1.obj)

line level    source

   1          /* 
   2            2020年10月15日 10点57分 ☆4
   3           *  定时器中断实验
   4           *  使用定时器产生周期性的中断，系统时钟为12MHz,12 倍分频后为 1MHz
   5           *  1M = 1000_000 16 位定时器最大计数范围为 2^16 = 65535,
   6           *  所以这里的计数器中断频率设为 0.05s，系统时钟周期为 0.000_001s 
   7           *  所以需要计数到 50_000 即 0xC350
   8           *    0xFFFF - 0xC350 = 0x3CAF
   9           *  
  10           *  这里选择定时器 1，
  11           *  因此    TH1 = 0x3C TL1 = 0xAF
  12           *      
  13           *  以下是定时器 T1 的相关寄存器
  14           * 
  15           *  TCON [7:0] ---- 0x00 (复位值) 定时器控制寄存器
  16           *    TF1 TR1 TF0 TR0 IE1 IT1 IE0 IT0
  17           *       7   6   5   4   3   2   1   0
  18           *      
  19           *  TF1 ---- T1 溢出中断标识位，进入中断后自动清零
  20           *  TR1 ---- T1 启动停止位，置 1 启动，置 0 关闭，由软件置位或者清零
  21           *  TF0 ---- T0 溢出中断标识位，进入中断后自动清零
  22           *  TR0 ---- T1 启动停止位，置 1 启动，置 0 关闭，由软件置位或者清零
  23           *  IE1 ---- INT1 (P3.3) 外部中断请求标识位，进入中断后自动清零
  24           *  IT1 ---- INT1 (P3.3) 外部中断触发方式控制位，置 0 则为低电平触发，置 1 为下降
             -沿触发
  25           *  IE0 ---- INT0 (P3.2) 外部中断请求标识位，进入中断后自动清零
  26           *  IT1 ---- INT0 (P3.2) 外部中断触发方式控制位，置 0 则为低电平触发，置 1 为下降
             -沿触发
  27          
  28           *  TMOD [7:0] ---- 0x00 (复位值) 定时器方式寄存器 
  29           *    bT1_GATE bT1_CT bT1_M1 bT1_M0 bT0_GATE bT0_CT bT0_M1 bT0_M0
  30           *         7        6      5      4      3        2      1      0
  31           *      bT1_GATE ---- 门控使能位，控制 T1 的是否由外部信号启动，置 1 、TR1 == 1 并
             - INT1 输入高电平时启动 T1
  32           *                    置 0 则忽略 INT1 的输入。
  33           *      bT1_CT   ---- 定时/计数方式选择位，0 则处于定时方式，1 则处于脉冲计数方
             -，使用 T1 的下降沿脉冲进行计数
  34           *      bT1_M1   ---- T1 模式选择高位
  35           *      bT1_M0   ---- T1 模式选择低位
  36           *      M1 : M0
  37           *      0    0    模式 0： 13 位定时/脉冲计时模式，由 TLn 的低 5 位和 THn 的 8 位构成
             -TLn 的高 3 位无效，
  38           *                当计数器从 0b1111_1111_1111_1000 到 0b0000_0000_0000_0000 时，溢出标识位 TFn 
             -置 1，
  39           *                溢出后需要重载计数初值。
  40           *      0    1    模式 1： 16 位定时/脉冲计数模式，由 TLn 和 THn 共 16 位组成，定时器
             -溢出时，溢出标志位 TFn 置 1
  41           *              溢出后需要重载计数初值
  42           *      1    0    模式 2： 8  位自动重载模式，计数单元使用 TLn,THn 作为重载计数单元
             -。自动重载计数。
  43           *      1    1    模式 3： T0 进入模式 3 会将定时器 T0 分割为两个独立的 8 位计数器
             -其中 TL0 交由 T0 控制，TH0 交由 T1 控制
  44           *                其中 TH0 占用 T1 的全部控制位和中断资源。        
  45           *              T1 进入模式 3 ，T1 会停止
C51 COMPILER V9.56.0.0   TIMER1                                                            10/23/2020 14:11:31 PAGE 2   

  46           * 
  47           *  余下 4 位为 T0 的方式寄存器，方式与T1 相同
  48           * 
  49           *  中断相关寄存器，INT_NO_TMR1 定时器 T1 中断 的 中断号为 3
  50           * 
  51           *  中断使能寄存器 IE[7:0] ---- 0x00 (复位值)
  52           *     EA E_DIS ET2 ES ET1 EX1 ET0 EX0
  53              7   6    5   4  3   2   1   0
  54          
  55            EA:   全局中断使能位，置 1 并且 E_DIS == 0 允许中断，置 0 屏蔽中断
  56            E_DIS:    全局中断禁用控制位，置 1 屏蔽中断，置 0 并且 EA == 1 允许中断
  57            ET2:    定时器 T2 中断使能位，置 1 允许 T2 中断，置 0 屏蔽
  58            ES:   UART0 中断使能位，置 1 允许 UART0 中断，置 0 屏蔽
  59            ET1:    定时器 T1 中断使能位，同 ET2
  60            EX1:    外部中断 INT1 使能位，置 1 允许中断，置 0 屏蔽
  61            ET0:    定时器 T0 中断使能位，同 ET2
  62            EX0:    外部中断 INT0 使能位，同 EX1
  63          
  64           */
  65          
  66          #include"CH559.H"
  67          
  68          sbit myLED1 = P1^4;         // P1^4 外接 LED 灯
  69          unsigned char cnt = 0;      // 循环计数器，定时器中断0.05s，计数 10 次就是 0.5s
  70          unsigned char tmp = 0;
  71          // P1 的设置，设置好 4 个 LED
  72          void P1_Configure(void){
  73   1      
  74   1          // PORT_CFG[3:0] -- P3、P2、P1、P0
  75   1          // P1 为 推挽模式，第二位 PROT_CFG[1]
  76   1          // xxxx_xxxx & 1111_1101 = xxxx_xx0x
  77   1          PORT_CFG    = PORT_CFG & 0xFD;
  78   1      
  79   1        // LED 连接 P1^7、P1^6、P1^5、P1^4 
  80   1          // 禁用上拉电阻,PU[7:0] 分别对应 P1^7 - P1^0
  81   1          // 每个引脚的上拉可以单独控制
  82   1          // xxxx_xxxx & 0000_1111 = 0000_xxxx 
  83   1          P1_PU       = P1_PU & 0x0F;
  84   1          // DIR 选输出模式，同样的每个引脚都可以单独控制 11110000
  85   1        // xxxx_xxxx | 1111_0000 = 1111_xxxx
  86   1          P1_DIR      = P1_DIR | 0xF0;
  87   1      
  88   1      }
  89          
  90          
  91          /********************************************************/
  92          /*
  93          1. 定时器 T1 初始化,选择模式 1，16 位手动重载模式 TMOD = 0b0001xxxx
  94          2. 定时器 T1 中断设置，开启全局中断使能 EA = 1，E_DIS = 0
  95                               开启定时器 T1 中断使能 ET1 = 1
  96                                                                  */
  97          /********************************************************/
  98          
  99          void Timer1_Init(void){
 100   1      
 101   1        TMOD = TMOD & 0x0F;
 102   1        TMOD = TMOD | 0x10;
 103   1      
 104   1        EA = 1;
 105   1        E_DIS = 0;
 106   1        ET1 = 1;
 107   1      
C51 COMPILER V9.56.0.0   TIMER1                                                            10/23/2020 14:11:31 PAGE 3   

 108   1      // 设置定时器的数值
 109   1      // 由于定时器 T1 的模式 1 为 16 位手动重载模式，溢出后无需手动开启定时器
 110   1      
 111   1        TH1 = 0x3C;
 112   1        TL1 = 0xAF;
 113   1      }
 114          
 115          void Timer1_Setup(void){
 116   1      
 117   1          TH1 = 0x3C;
 118   1          TL1 = 0xAF;
 119   1          TR1 = 1;
 120   1      }
 121          
 122          void main(void){
 123   1          P1_Configure();
 124   1          // 关闭 4 个 LED 
 125   1          P1 = 0x00;
 126   1          Timer1_Init();
 127   1          Timer1_Setup();
 128   1          while(1);
 129   1      }
 130          
 131          void Timer1Interrupt(void) interrupt 3 {
 132   1      
 133   1          Timer1_Setup();
 134   1            if(cnt >= 10){
 135   2            tmp = !tmp;
 136   2                  cnt = 0;
 137   2        // 定时器溢出周期为 0.05s,频率为 20Hz
 138   2        // 增加一级计数，每进入 10 次中断，翻转 LED 灯一次
 139   2        // 每隔 0.5s 翻转一次，LED 灯的频率为 1Hz  
 140   2                  myLED1 = tmp;
 141   2            }else
 142   1            cnt++;
 143   1      }
 144          
 145          
 146          


MODULE INFORMATION:   STATIC OVERLAYABLE
   CODE SIZE        =    103    ----
   CONSTANT SIZE    =   ----    ----
   XDATA SIZE       =   ----    ----
   PDATA SIZE       =   ----    ----
   DATA SIZE        =      2    ----
   IDATA SIZE       =   ----    ----
   BIT SIZE         =   ----    ----
END OF MODULE INFORMATION.


C51 COMPILATION COMPLETE.  0 WARNING(S),  0 ERROR(S)
