C51 COMPILER V9.56.0.0   DEBUG                                                             10/16/2020 22:59:45 PAGE 1   


C51 COMPILER V9.56.0.0, COMPILATION OF MODULE DEBUG
OBJECT MODULE PLACED IN .\Objects\DEBUG.obj
COMPILER INVOKED BY: F:\Keil\C51\BIN\C51.EXE DEBUG.C OPTIMIZE(8,SPEED) BROWSE DEBUG OBJECTEXTEND PRINT(.\Listings\DEBUG.
                    -lst) TABS(2) OBJECT(.\Objects\DEBUG.obj)

line level    source

   1          /********************************** (C) COPYRIGHT *******************************
   2          * File Name          : DEBUG.C
   3          * Author             : WCH
   4          * Version            : V1.3
   5          * Date               : 2016/06/24
   6          * Description        : CH559 DEBUG Interface
   7                               (1)、串口0输出打印信息，波特率可变;                        
   8          *******************************************************************************/
   9          
  10          #include <stdio.h>
  11          #include "CH559.H"
  12          
  13          #define  FREQ_SYS 12000000
  14          #ifndef  BUAD
  15          #define  BUAD    57600
  16          #endif
  17          
  18          /*******************************************************************************
  19          * Function Name  : CfgFsys( )
  20          * Description    : CH559时钟选择和配置函数,默认使用内部晶振12MHz，如果定义了FREQ_SY
             -S可以
  21                             根据PLL_CFG和CLOCK_CFG配置得到，公式如下：
  22                             Fsys = (Fosc * ( PLL_CFG & MASK_PLL_MULT ))/(CLOCK_CFG & MASK_SYS_CK_DIV);
  23                             具体时钟需要自己配置
  24          * Input          : None
  25          * Output         : None
  26          * Return         : None
  27          *******************************************************************************/ 
  28          void  CfgFsys( )  
  29          {
  30   1          SAFE_MOD = 0x55;                                                           //开启安全模式
  31   1          SAFE_MOD = 0xAA;                                                 
  32   1      //  CLOCK_CFG |= bOSC_EN_XT;                                                   //使能外部晶振       
             -                                  
  33   1      //  CLOCK_CFG &= ~bOSC_EN_INT;                                              
  34   1      //  CLOCK_CFG &= ~MASK_SYS_CK_DIV;
  35   1      //  CLOCK_CFG |= 6;                                                            //配置系统时钟48MHz
  36   1      //  CLOCK_CFG |= 8;                                                            //配置系统时钟36MHz
  37   1      //  CLOCK_CFG |= 10;                                                           //配置系统时钟28.8MHz
  38   1      //  CLOCK_CFG |= 12;                                                           //配置系统时钟24MHz
  39   1      //  CLOCK_CFG |= 16;                                                           //配置系统时钟18MHz  
  40   1      /*56MHz
  41   1      //  CLOCK_CFG &= ~MASK_SYS_CK_DIV;
  42   1      //  CLOCK_CFG |= 6;                                                            //配置系统时钟56MHz  
             -  
  43   1          PLL_CFG = 0xFC;
  44   1      */  
  45   1          SAFE_MOD = 0xFF;                                                           //关闭安全模式  
  46   1      //  如果修改主频，要同时修改FREQ_SYS，否则会造成延时函数不准
  47   1      }
  48          
  49          /*******************************************************************************
  50          * Function Name  : mDelayus(UNIT16 n)
  51          * Description    : us延时函数
C51 COMPILER V9.56.0.0   DEBUG                                                             10/16/2020 22:59:45 PAGE 2   

  52          * Input          : UNIT16 n
  53          * Output         : None
  54          * Return         : None
  55          *******************************************************************************/ 
  56          void  mDelayuS( UINT16 n )  // 以uS为单位延时
  57          {
  58   1        while ( n ) {  // total = 12~13 Fsys cycles, 1uS @Fsys=12MHz
  59   2          ++ SAFE_MOD;  // 2 Fsys cycles, for higher Fsys, add operation here
  60   2      #ifdef  FREQ_SYS
  61   2      #if   FREQ_SYS >= 14000000
                  ++ SAFE_MOD;
              #endif
  64   2      #if   FREQ_SYS >= 16000000
                  ++ SAFE_MOD;
              #endif
  67   2      #if   FREQ_SYS >= 18000000
                  ++ SAFE_MOD;
              #endif
  70   2      #if   FREQ_SYS >= 20000000
                  ++ SAFE_MOD;
              #endif
  73   2      #if   FREQ_SYS >= 22000000
                  ++ SAFE_MOD;
              #endif
  76   2      #if   FREQ_SYS >= 24000000
                  ++ SAFE_MOD;
              #endif
  79   2      #if   FREQ_SYS >= 26000000
                  ++ SAFE_MOD;
              #endif
  82   2      #if   FREQ_SYS >= 28000000
                  ++ SAFE_MOD;
              #endif
  85   2      #if   FREQ_SYS >= 30000000
                  ++ SAFE_MOD;
              #endif
  88   2      #if   FREQ_SYS >= 32000000
                  ++ SAFE_MOD;
              #endif
  91   2      #if   FREQ_SYS >= 34000000
                  ++ SAFE_MOD;
              #endif
  94   2      #if   FREQ_SYS >= 36000000
                  ++ SAFE_MOD;
              #endif
  97   2      #if   FREQ_SYS >= 38000000
                  ++ SAFE_MOD;
              #endif
 100   2      #if   FREQ_SYS >= 40000000
                  ++ SAFE_MOD;
              #endif
 103   2      #if   FREQ_SYS >= 42000000
                  ++ SAFE_MOD;
              #endif
 106   2      #if   FREQ_SYS >= 44000000
                  ++ SAFE_MOD;
              #endif
 109   2      #if   FREQ_SYS >= 46000000
                  ++ SAFE_MOD;
              #endif
 112   2      #if   FREQ_SYS >= 48000000
                  ++ SAFE_MOD;
C51 COMPILER V9.56.0.0   DEBUG                                                             10/16/2020 22:59:45 PAGE 3   

              #endif
 115   2      #if   FREQ_SYS >= 50000000
                  ++ SAFE_MOD;
              #endif
 118   2      #if   FREQ_SYS >= 52000000
                  ++ SAFE_MOD;
              #endif
 121   2      #if   FREQ_SYS >= 54000000
                  ++ SAFE_MOD;
              #endif
 124   2      #if   FREQ_SYS >= 56000000
                  ++ SAFE_MOD;
              #endif
 127   2      #endif
 128   2          -- n;
 129   2        }
 130   1      }
 131          
 132          /*******************************************************************************
 133          * Function Name  : mDelayms(UNIT16 n)
 134          * Description    : ms延时函数
 135          * Input          : UNIT16 n
 136          * Output         : None
 137          * Return         : None
 138          *******************************************************************************/
 139          void  mDelaymS( UINT16 n )                                                  // 以mS为单位延时
 140          {
 141   1        while ( n ) 
 142   1        {
 143   2          mDelayuS( 1000 );
 144   2          -- n;
 145   2        }
 146   1      }                                         
 147          
 148          /*******************************************************************************
 149          * Function Name  : CH559UART0Alter()
 150          * Description    : CH559串口0引脚映射,串口映射到P0.2和P0.3
 151          * Input          : None
 152          * Output         : None
 153          * Return         : None
 154          *******************************************************************************/
 155          void CH559UART0Alter()
 156          {
 157   1          PORT_CFG |= bP0_OC;
 158   1          P0_DIR |= bTXD_;
 159   1          P0_PU |= bTXD_ | bRXD_;
 160   1          PIN_FUNC |= bUART0_PIN_X;                                                  //串口映射到P0.2和P0.
             -3
 161   1      }
 162          
 163          /*******************************************************************************
 164          * Function Name  : mInitSTDIO()
 165          * Description    : CH559串口0初始化,默认使用T1作UART0的波特率发生器,也可以使用T2
 166                             作为波特率发生器
 167          * Input          : None
 168          * Output         : None
 169          * Return         : None
 170          *******************************************************************************/
 171          void  mInitSTDIO( )
 172          {
 173   1          UINT32 x;
 174   1          UINT8 x2; 
C51 COMPILER V9.56.0.0   DEBUG                                                             10/16/2020 22:59:45 PAGE 4   

 175   1      
 176   1          SM0 = 0;
 177   1          SM1 = 1;
 178   1          SM2 = 0;                                                                   //串口0使用模式1
 179   1                                                                                     //使用Timer1作为波特
             -发生器
 180   1          RCLK = 0;                                                                  //UART0接收时钟
 181   1          TCLK = 0;                                                                  //UART0发送时钟
 182   1          PCON |= SMOD;
 183   1          x = 10 * FREQ_SYS / BUAD / 16;                                             //如果更改主频，注
             -x的值不要溢出                            
 184   1          x2 = x % 10;
 185   1          x /= 10;
 186   1          if ( x2 >= 5 ) x ++;                                                       //四舍五入
 187   1      
 188   1          TMOD = TMOD & ~ bT1_GATE & ~ bT1_CT & ~ MASK_T1_MOD | bT1_M1;              //0X20，Timer1作为8位
             -动重载定时器
 189   1          T2MOD = T2MOD | bTMR_CLK | bT1_CLK;                                        //Timer1时钟选择
 190   1          TH1 = 0-x;                                                                 //12MHz晶振,buad/12为实
             -际需设置波特率
 191   1          TR1 = 1;                                                                   //启动定时器1
 192   1          TI = 1;
 193   1          REN = 1;                                                                   //串口0接收使能
 194   1      }
 195          
 196          /*******************************************************************************
 197          * Function Name  : CH559UART0RcvByte()
 198          * Description    : CH559UART0接收一个字节
 199          * Input          : None
 200          * Output         : None
 201          * Return         : SBUF
 202          *******************************************************************************/
 203          UINT8  CH559UART0RcvByte( )
 204          {
 205   1          while(RI == 0);                                                            //查询接收，中断方
             -可不用
 206   1          RI = 0;
 207   1          return SBUF;
 208   1      }
 209          
 210          /*******************************************************************************
 211          * Function Name  : CH559UART0SendByte(UINT8 SendDat)
 212          * Description    : CH559UART0发送一个字节
 213          * Input          : UINT8 SendDat；要发送的数据
 214          * Output         : None
 215          * Return         : None
 216          *******************************************************************************/
 217          void CH559UART0SendByte(UINT8 SendDat)
 218          {
 219   1        SBUF = SendDat;                                                              //查询发送，中断方
             -可不用下面2条语句,但发送前需TI=0
 220   1        while(TI ==0);
 221   1        TI = 0;
 222   1      }


MODULE INFORMATION:   STATIC OVERLAYABLE
   CODE SIZE        =    192    ----
   CONSTANT SIZE    =   ----    ----
   XDATA SIZE       =   ----    ----
   PDATA SIZE       =   ----    ----
   DATA SIZE        =   ----       5
C51 COMPILER V9.56.0.0   DEBUG                                                             10/16/2020 22:59:45 PAGE 5   

   IDATA SIZE       =   ----    ----
   BIT SIZE         =   ----    ----
END OF MODULE INFORMATION.


C51 COMPILATION COMPLETE.  0 WARNING(S),  0 ERROR(S)
